<?xml version="1.0" encoding="UTF-8"?>
<testsuite name="com.jlmr.java.TechnicalinditexApplicationTests" tests="1" skipped="0" failures="0" errors="0" timestamp="2024-09-30T15:21:08" hostname="MacBook-Pro-de-Jose.local" time="0.309">
  <properties/>
  <testcase name="contextLoads()" classname="com.jlmr.java.TechnicalinditexApplicationTests" time="0.309"/>
  <system-out><![CDATA[17:21:06.483 [Test worker] INFO org.springframework.test.context.support.AnnotationConfigContextLoaderUtils -- Could not detect default configuration classes for test class [com.jlmr.java.TechnicalinditexApplicationTests]: TechnicalinditexApplicationTests does not declare any static, non-private, non-final, nested classes annotated with @Configuration.
17:21:06.524 [Test worker] INFO org.springframework.boot.test.context.SpringBootTestContextBootstrapper -- Found @SpringBootConfiguration com.jlmr.java.TechnicalinditexApplication for test class com.jlmr.java.TechnicalinditexApplicationTests

  .   ____          _            __ _ _
 /\\ / ___'_ __ _ _(_)_ __  __ _ \ \ \ \
( ( )\___ | '_ | '_| | '_ \/ _` | \ \ \ \
 \\/  ___)| |_)| | | | | || (_| |  ) ) ) )
  '  |____| .__|_| |_|_| |_\__, | / / / /
 =========|_|==============|___/=/_/_/_/

 :: Spring Boot ::                (v3.3.4)

2024-09-30T17:21:06.685+02:00  INFO 73672 --- [inditex-test] [    Test worker] c.j.j.TechnicalinditexApplicationTests   : Starting TechnicalinditexApplicationTests using Java 17.0.1 with PID 73672 (started by joseluismorenorodriguez in /Users/joseluismorenorodriguez/Documents/workspace java/technicalinditex)
2024-09-30T17:21:06.686+02:00  INFO 73672 --- [inditex-test] [    Test worker] c.j.j.TechnicalinditexApplicationTests   : No active profile set, falling back to 1 default profile: "default"
2024-09-30T17:21:07.000+02:00  INFO 73672 --- [inditex-test] [    Test worker] .s.d.r.c.RepositoryConfigurationDelegate : Bootstrapping Spring Data JPA repositories in DEFAULT mode.
2024-09-30T17:21:07.018+02:00  INFO 73672 --- [inditex-test] [    Test worker] .s.d.r.c.RepositoryConfigurationDelegate : Finished Spring Data repository scanning in 15 ms. Found 1 JPA repository interface.
2024-09-30T17:21:07.209+02:00  INFO 73672 --- [inditex-test] [    Test worker] o.hibernate.jpa.internal.util.LogHelper  : HHH000204: Processing PersistenceUnitInfo [name: default]
2024-09-30T17:21:07.228+02:00  INFO 73672 --- [inditex-test] [    Test worker] org.hibernate.Version                    : HHH000412: Hibernate ORM core version 6.5.3.Final
2024-09-30T17:21:07.241+02:00  INFO 73672 --- [inditex-test] [    Test worker] o.h.c.internal.RegionFactoryInitiator    : HHH000026: Second-level cache disabled
2024-09-30T17:21:07.348+02:00  INFO 73672 --- [inditex-test] [    Test worker] o.s.o.j.p.SpringPersistenceUnitInfo      : No LoadTimeWeaver setup: ignoring JPA class transformer
2024-09-30T17:21:07.359+02:00  INFO 73672 --- [inditex-test] [    Test worker] com.zaxxer.hikari.HikariDataSource       : HikariPool-1 - Starting...
2024-09-30T17:21:07.426+02:00  INFO 73672 --- [inditex-test] [    Test worker] com.zaxxer.hikari.pool.HikariPool        : HikariPool-1 - Added connection conn0: url=jdbc:h2:mem:inditexDB user=ADMIN
2024-09-30T17:21:07.427+02:00  INFO 73672 --- [inditex-test] [    Test worker] com.zaxxer.hikari.HikariDataSource       : HikariPool-1 - Start completed.
2024-09-30T17:21:07.771+02:00  INFO 73672 --- [inditex-test] [    Test worker] o.h.e.t.j.p.i.JtaPlatformInitiator       : HHH000489: No JTA platform available (set 'hibernate.transaction.jta.platform' to enable JTA platform integration)
2024-09-30T17:21:07.789+02:00  INFO 73672 --- [inditex-test] [    Test worker] j.LocalContainerEntityManagerFactoryBean : Initialized JPA EntityManagerFactory for persistence unit 'default'
2024-09-30T17:21:07.879+02:00  INFO 73672 --- [inditex-test] [    Test worker] o.s.d.j.r.query.QueryEnhancerFactory     : Hibernate is in classpath; If applicable, HQL parser will be used.
2024-09-30T17:21:08.759+02:00  INFO 73672 --- [inditex-test] [    Test worker] o.s.b.a.h2.H2ConsoleAutoConfiguration    : H2 console available at '/h2-console'. Database available at 'jdbc:h2:mem:inditexDB'
2024-09-30T17:21:08.794+02:00  INFO 73672 --- [inditex-test] [    Test worker] c.j.j.TechnicalinditexApplicationTests   : Started TechnicalinditexApplicationTests in 2.204 seconds (process running for 2.71)
]]></system-out>
  <system-err><![CDATA[]]></system-err>
</testsuite>
